<?xml version="1.0" encoding="UTF-8" ?>
<testsuite tests="4" failures="0" name="JUnitTest.MoneyTest" time="0.002" errors="0" skipped="0">
  <properties>
[...]
</properties>
  <testcase classname="JUnitTest.MoneyTest" name="testMultiplication" time="0.002"/>
  <testcase classname="JUnitTest.MoneyTest" name="testFrancMultiplication" time="0"/>
  <testcase classname="JUnitTest.MoneyTest" name="testCurrency" time="0"/>
  <testcase classname="JUnitTest.MoneyTest" name="testEquality" time="0"/>
</testsuite>